I, [2012-10-23T15:51:15.676247 #62218]  INFO -- : [CLASS][ORIGINAL] https://www.edline.net/pages/MtStJoseph_HS
I, [2012-10-23T15:55:45.157319 #62289]  INFO -- : [CLASS][ORIGINAL] https://www.edline.net/pages/Wootton_High_School
W, [2012-10-23T15:55:45.562944 #62289]  WARN -- : [PRIVATE] Unhandlable user: bilee
I, [2012-10-23T15:57:06.664815 #62361]  INFO -- : [CLASS][ORIGINAL] https://www.edline.net/pages/Wootton_High_School
W, [2012-10-23T17:11:39.345429 #63124]  WARN -- : [PRIVATE] Unhandlable private reports: bilee
W, [2012-10-23T17:13:45.597701 #63230]  WARN -- : [PRIVATE] Unhandlable private reports: bilee
W, [2012-10-23T17:15:00.417962 #63268]  WARN -- : [PRIVATE] Unhandlable private reports: bilee
W, [2012-10-23T17:15:49.895758 #63307]  WARN -- : [PRIVATE] Unhandlable private reports: bilee
W, [2012-10-23T17:17:00.932535 #63358]  WARN -- : [PRIVATE] Unhandlable private reports: bilee
W, [2012-10-23T17:17:54.024439 #63406]  WARN -- : [PRIVATE] Unhandlable private reports: bilee
W, [2012-10-23T17:19:19.267143 #63453]  WARN -- : [PRIVATE] Unhandlable private reports: bilee
W, [2012-10-23T17:19:44.034890 #63485]  WARN -- : [PRIVATE] Unhandlable private reports: bilee
I, [2012-10-23T19:07:56.199500 #64334]  INFO -- : [CLASS][ORIGINAL] https://www.edline.net/pages/MtStJoseph_HS
W, [2012-10-23T19:08:14.785480 #64334]  WARN -- : [ITEM] Unhandlable item: https://www.edline.net/pages/MtStJoseph_HS/Classes/1213_03064501/Assignments/Federalists_Papers__10_Questio
I, [2012-10-23T19:13:06.634853 #64440]  INFO -- : [CLASS][ORIGINAL] https://www.edline.net/pages/MtStJoseph_HS
I, [2012-10-23T19:15:14.151912 #64440]  INFO -- : [CLASS][ORIGINAL] https://www.edline.net/pages/MtStJoseph_HS
I, [2012-10-23T19:18:06.744141 #64440]  INFO -- : [CLASS][ORIGINAL] https://www.edline.net/pages/MtStJoseph_HS
I, [2012-10-23T19:22:12.013900 #64440]  INFO -- : [CLASS][ORIGINAL] https://www.edline.net/pages/MtStJoseph_HS
I, [2012-10-23T19:23:24.672276 #64440]  INFO -- : [CLASS][ORIGINAL] https://www.edline.net/pages/MtStJoseph_HS
I, [2012-10-23T19:26:53.520845 #64440]  INFO -- : [CLASS][ORIGINAL] https://www.edline.net/pages/MtStJoseph_HS
I, [2012-10-23T19:28:03.914209 #64440]  INFO -- : [CLASS][ORIGINAL] https://www.edline.net/pages/MtStJoseph_HS
I, [2012-10-23T19:29:03.901517 #64440]  INFO -- : [CLASS][ORIGINAL] https://www.edline.net/pages/MtStJoseph_HS
I, [2012-10-23T19:32:49.455457 #64440]  INFO -- : [CLASS][ORIGINAL] https://www.edline.net/pages/MtStJoseph_HS
I, [2012-10-23T19:35:17.731757 #64440]  INFO -- : [CLASS][ORIGINAL] https://www.edline.net/pages/MtStJoseph_HS
I, [2012-10-23T19:40:06.566859 #64440]  INFO -- : [CLASS][ORIGINAL] https://www.edline.net/pages/MtStJoseph_HS
I, [2012-10-23T19:41:17.846542 #64440]  INFO -- : [CLASS][ORIGINAL] https://www.edline.net/pages/MtStJoseph_HS
I, [2012-10-23T19:43:08.948523 #64440]  INFO -- : [CLASS][ORIGINAL] https://www.edline.net/pages/MtStJoseph_HS
I, [2012-10-23T19:44:42.127664 #64440]  INFO -- : [CLASS][ORIGINAL] https://www.edline.net/pages/MtStJoseph_HS
I, [2012-10-23T21:21:57.422421 #64440]  INFO -- : [CLASS][ORIGINAL] https://www.edline.net/pages/MtStJoseph_HS
I, [2012-10-23T21:36:34.441841 #66064]  INFO -- : [CLASS][ORIGINAL] https://www.edline.net/pages/MtStJoseph_HS
I, [2012-10-23T21:42:53.841906 #66186]  INFO -- : [CLASS][ORIGINAL] https://www.edline.net/pages/MtStJoseph_HS
I, [2012-10-23T21:43:56.939164 #66186]  INFO -- : [CLASS][ORIGINAL] https://www.edline.net/pages/MtStJoseph_HS
I, [2012-10-23T21:51:29.148698 #66337]  INFO -- : [CLASS][ORIGINAL] https://www.edline.net/pages/MtStJoseph_HS
